<?xml version="1.0" encoding="UTF-8"?>
<!-- Generated by org.testng.reporters.JUnitXMLReporter -->
<testsuite ignored="0" hostname="LAPTOP-PO4FGII6" failures="0" tests="8" name="Amazon test" time="124.329" errors="0" timestamp="2021-02-14T00:08:10 IST">
  <testcase classname="com.amazon.testcases.LoginPageTest" name="loginPageTitleTest" time="0.079"/>
  <testcase classname="com.amazon.testcases.LoginPageTest" name="loginTest" time="2.039"/>
  <testcase classname="com.amazon.testcases.LoginPageTest" name="logoTest" time="0.101"/>
  <testcase classname="com.amazon.testcases.HomePageTest" name="cartLinkCheck" time="6.141"/>
  <testcase classname="com.amazon.testcases.HomePageTest" name="dealsPageTest" time="8.399"/>
  <testcase classname="com.amazon.testcases.HomePageTest" name="electronicsLink" time="5.341"/>
  <testcase classname="com.amazon.testcases.HomePageTest" name="labelTest" time="2.956"/>
  <testcase classname="com.amazon.testcases.ProfilePageTest" name="editAddressTest" time="1.363"/>
</testsuite> <!-- Amazon test -->
