<?xml version="1.0" encoding="UTF-8"?>
<!-- Generated by org.testng.reporters.JUnitXMLReporter -->
<testsuite ignored="0" hostname="LAPTOP-PO4FGII6" failures="0" tests="3" name="Default test" time="29.145" errors="0" timestamp="2021-02-15T00:12:09 IST">
  <testcase classname="com.amazon.testcases.LoginPageTest" name="loginPageTitleTest" time="0.098"/>
  <testcase classname="com.amazon.testcases.LoginPageTest" name="loginTest" time="2.815"/>
  <testcase classname="com.amazon.testcases.LoginPageTest" name="logoTest" time="0.12"/>
</testsuite> <!-- Default test -->
