<?xml version="1.0" encoding="UTF-8"?>
<testsuite xmlns:xsi="http://www.w3.org/2001/XMLSchema-instance" xsi:noNamespaceSchemaLocation="https://maven.apache.org/surefire/maven-surefire-plugin/xsd/surefire-test-report.xsd" name="TestSuite" time="302.224" tests="23" errors="0" skipped="12" failures="5">
  <properties>
[...]
</properties>
  <testcase name="addressadding" classname="com.amazon.testcases.AddAddressPageTest" time="1.498">
    <failure message="&#10;[public void com.amazon.testcases.AddAddressPageTest.addressadding(java.lang.String,java.lang.String,java.lang.String,java.lang.String,java.lang.String,java.lang.String,java.lang.String)] has no parameters defined but was found to be using a data provider (either explicitly specified or inherited from class level annotation).&#10;Data provider mismatch&#10;Method: addressadding([Parameter{index=0, type=java.lang.String, declaredAnnotations=[]}, Parameter{index=1, type=java.lang.String, declaredAnnotations=[]}, Parameter{index=2, type=java.lang.String, declaredAnnotations=[]}, Parameter{index=3, type=java.lang.String, declaredAnnotations=[]}, Parameter{index=4, type=java.lang.String, declaredAnnotations=[]}, Parameter{index=5, type=java.lang.String, declaredAnnotations=[]}, Parameter{index=6, type=java.lang.String, declaredAnnotations=[]}])&#10;Arguments: [(org.apache.poi.xssf.usermodel.XSSFCell) Amit,(org.apache.poi.xssf.usermodel.XSSFCell) 9.324323443E9,(org.apache.poi.xssf.usermodel.XSSFCell) 814101.0,(org.apache.poi.xssf.usermodel.XSSFCell) 50.0,(org.apache.poi.xssf.usermodel.XSSFCell) Main Road,null,null,null,null]" type="org.testng.internal.reflect.MethodMatcherException">org.testng.internal.reflect.MethodMatcherException: 

[public void com.amazon.testcases.AddAddressPageTest.addressadding(java.lang.String,java.lang.String,java.lang.String,java.lang.String,java.lang.String,java.lang.String,java.lang.String)] has no parameters defined but was found to be using a data provider (either explicitly specified or inherited from class level annotation).
Data provider mismatch
Method: addressadding([Parameter{index=0, type=java.lang.String, declaredAnnotations=[]}, Parameter{index=1, type=java.lang.String, declaredAnnotations=[]}, Parameter{index=2, type=java.lang.String, declaredAnnotations=[]}, Parameter{index=3, type=java.lang.String, declaredAnnotations=[]}, Parameter{index=4, type=java.lang.String, declaredAnnotations=[]}, Parameter{index=5, type=java.lang.String, declaredAnnotations=[]}, Parameter{index=6, type=java.lang.String, declaredAnnotations=[]}])
Arguments: [(org.apache.poi.xssf.usermodel.XSSFCell) Amit,(org.apache.poi.xssf.usermodel.XSSFCell) 9.324323443E9,(org.apache.poi.xssf.usermodel.XSSFCell) 814101.0,(org.apache.poi.xssf.usermodel.XSSFCell) 50.0,(org.apache.poi.xssf.usermodel.XSSFCell) Main Road,null,null,null,null]
</failure>
  </testcase>
  <testcase name="enterValuesTest" classname="com.amazon.testcases.EditProfilePageTest" time="3.275"/>
  <testcase name="dropdownSelectTest" classname="com.amazon.testcases.ElectronicsPageTest" time="3.723"/>
  <testcase name="setup" classname="com.amazon.testcases.ElectronicsPageTest" time="27.697">
    <failure message="no such element: Unable to locate element: {&quot;method&quot;:&quot;xpath&quot;,&quot;selector&quot;:&quot;//a[contains(text(),&apos;Electronics&apos;)]&quot;}&#10;  (Session info: chrome=88.0.4324.150)&#10;For documentation on this error, please visit: https://www.seleniumhq.org/exceptions/no_such_element.html&#10;Build info: version: &apos;3.141.59&apos;, revision: &apos;e82be7d358&apos;, time: &apos;2018-11-14T08:17:03&apos;&#10;System info: host: &apos;LAPTOP-PO4FGII6&apos;, ip: &apos;192.168.29.242&apos;, os.name: &apos;Windows 10&apos;, os.arch: &apos;amd64&apos;, os.version: &apos;10.0&apos;, java.version: &apos;11.0.10&apos;&#10;Driver info: org.openqa.selenium.chrome.ChromeDriver&#10;Capabilities {acceptInsecureCerts: false, browserName: chrome, browserVersion: 88.0.4324.150, chrome: {chromedriverVersion: 87.0.4280.88 (89e2380a3e36c..., userDataDir: C:\Users\ankit\AppData\Loca...}, goog:chromeOptions: {debuggerAddress: localhost:50974}, javascriptEnabled: true, networkConnectionEnabled: false, pageLoadStrategy: normal, platform: WINDOWS, platformName: WINDOWS, proxy: Proxy(), setWindowRect: true, strictFileInteractability: false, timeouts: {implicit: 0, pageLoad: 300000, script: 30000}, unhandledPromptBehavior: dismiss and notify, webauthn:virtualAuthenticators: true}&#10;Session ID: ff7c8b5abcbac243c06bc5d6423215f3&#10;*** Element info: {Using=xpath, value=//a[contains(text(),&apos;Electronics&apos;)]}" type="org.openqa.selenium.NoSuchElementException">org.openqa.selenium.NoSuchElementException: 
no such element: Unable to locate element: {"method":"xpath","selector":"//a[contains(text(),'Electronics')]"}
  (Session info: chrome=88.0.4324.150)
For documentation on this error, please visit: https://www.seleniumhq.org/exceptions/no_such_element.html
Build info: version: '3.141.59', revision: 'e82be7d358', time: '2018-11-14T08:17:03'
System info: host: 'LAPTOP-PO4FGII6', ip: '192.168.29.242', os.name: 'Windows 10', os.arch: 'amd64', os.version: '10.0', java.version: '11.0.10'
Driver info: org.openqa.selenium.chrome.ChromeDriver
Capabilities {acceptInsecureCerts: false, browserName: chrome, browserVersion: 88.0.4324.150, chrome: {chromedriverVersion: 87.0.4280.88 (89e2380a3e36c..., userDataDir: C:\Users\ankit\AppData\Loca...}, goog:chromeOptions: {debuggerAddress: localhost:50974}, javascriptEnabled: true, networkConnectionEnabled: false, pageLoadStrategy: normal, platform: WINDOWS, platformName: WINDOWS, proxy: Proxy(), setWindowRect: true, strictFileInteractability: false, timeouts: {implicit: 0, pageLoad: 300000, script: 30000}, unhandledPromptBehavior: dismiss and notify, webauthn:virtualAuthenticators: true}
Session ID: ff7c8b5abcbac243c06bc5d6423215f3
*** Element info: {Using=xpath, value=//a[contains(text(),'Electronics')]}
	at com.amazon.testcases.ElectronicsPageTest.setup(ElectronicsPageTest.java:32)
</failure>
    <system-err><![CDATA[Starting ChromeDriver 87.0.4280.88 (89e2380a3e36c3464b5dd1302349b1382549290d-refs/branch-heads/4280@{#1761}) on port 36122
Only local connections are allowed.
Please see https://chromedriver.chromium.org/security-considerations for suggestions on keeping ChromeDriver safe.
ChromeDriver was started successfully.
[1613328377.050][WARNING]: This version of ChromeDriver has not been tested with Chrome version 88.
Feb 15, 2021 12:16:19 AM org.openqa.selenium.remote.ProtocolHandshake createSession
INFO: Detected dialect: W3C
]]></system-err>
  </testcase>
  <testcase name="setup" classname="com.amazon.testcases.ElectronicsPageTest" time="0">
    <skipped/>
  </testcase>
  <testcase name="clickCheckboxTest" classname="com.amazon.testcases.ElectronicsPageTest" time="0">
    <skipped message="no such element: Unable to locate element: {&quot;method&quot;:&quot;xpath&quot;,&quot;selector&quot;:&quot;//a[contains(text(),&apos;Electronics&apos;)]&quot;}&#10;  (Session info: chrome=88.0.4324.150)&#10;For documentation on this error, please visit: https://www.seleniumhq.org/exceptions/no_such_element.html&#10;Build info: version: &apos;3.141.59&apos;, revision: &apos;e82be7d358&apos;, time: &apos;2018-11-14T08:17:03&apos;&#10;System info: host: &apos;LAPTOP-PO4FGII6&apos;, ip: &apos;192.168.29.242&apos;, os.name: &apos;Windows 10&apos;, os.arch: &apos;amd64&apos;, os.version: &apos;10.0&apos;, java.version: &apos;11.0.10&apos;&#10;Driver info: org.openqa.selenium.chrome.ChromeDriver&#10;Capabilities {acceptInsecureCerts: false, browserName: chrome, browserVersion: 88.0.4324.150, chrome: {chromedriverVersion: 87.0.4280.88 (89e2380a3e36c..., userDataDir: C:\Users\ankit\AppData\Loca...}, goog:chromeOptions: {debuggerAddress: localhost:50974}, javascriptEnabled: true, networkConnectionEnabled: false, pageLoadStrategy: normal, platform: WINDOWS, platformName: WINDOWS, proxy: Proxy(), setWindowRect: true, strictFileInteractability: false, timeouts: {implicit: 0, pageLoad: 300000, script: 30000}, unhandledPromptBehavior: dismiss and notify, webauthn:virtualAuthenticators: true}&#10;Session ID: ff7c8b5abcbac243c06bc5d6423215f3&#10;*** Element info: {Using=xpath, value=//a[contains(text(),&apos;Electronics&apos;)]}"/>
  </testcase>
  <testcase name="tearDown" classname="com.amazon.testcases.ElectronicsPageTest" time="0">
    <skipped/>
  </testcase>
  <testcase name="tearDown" classname="com.amazon.testcases.ElectronicsPageTest" time="0">
    <skipped/>
  </testcase>
  <testcase name="verifyLabelTest" classname="com.amazon.testcases.ElectronicsPageTest" time="0">
    <skipped message="no such element: Unable to locate element: {&quot;method&quot;:&quot;xpath&quot;,&quot;selector&quot;:&quot;//a[contains(text(),&apos;Electronics&apos;)]&quot;}&#10;  (Session info: chrome=88.0.4324.150)&#10;For documentation on this error, please visit: https://www.seleniumhq.org/exceptions/no_such_element.html&#10;Build info: version: &apos;3.141.59&apos;, revision: &apos;e82be7d358&apos;, time: &apos;2018-11-14T08:17:03&apos;&#10;System info: host: &apos;LAPTOP-PO4FGII6&apos;, ip: &apos;192.168.29.242&apos;, os.name: &apos;Windows 10&apos;, os.arch: &apos;amd64&apos;, os.version: &apos;10.0&apos;, java.version: &apos;11.0.10&apos;&#10;Driver info: org.openqa.selenium.chrome.ChromeDriver&#10;Capabilities {acceptInsecureCerts: false, browserName: chrome, browserVersion: 88.0.4324.150, chrome: {chromedriverVersion: 87.0.4280.88 (89e2380a3e36c..., userDataDir: C:\Users\ankit\AppData\Loca...}, goog:chromeOptions: {debuggerAddress: localhost:50974}, javascriptEnabled: true, networkConnectionEnabled: false, pageLoadStrategy: normal, platform: WINDOWS, platformName: WINDOWS, proxy: Proxy(), setWindowRect: true, strictFileInteractability: false, timeouts: {implicit: 0, pageLoad: 300000, script: 30000}, unhandledPromptBehavior: dismiss and notify, webauthn:virtualAuthenticators: true}&#10;Session ID: ff7c8b5abcbac243c06bc5d6423215f3&#10;*** Element info: {Using=xpath, value=//a[contains(text(),&apos;Electronics&apos;)]}"/>
  </testcase>
  <testcase name="cartLinkCheck" classname="com.amazon.testcases.HomePageTest" time="8.845"/>
  <testcase name="dealsPageTest" classname="com.amazon.testcases.HomePageTest" time="17.492"/>
  <testcase name="setup" classname="com.amazon.testcases.HomePageTest" time="46.715">
    <failure message="timeout: Timed out receiving message from renderer: 20.000&#10;  (Session info: chrome=88.0.4324.150)&#10;Build info: version: &apos;3.141.59&apos;, revision: &apos;e82be7d358&apos;, time: &apos;2018-11-14T08:17:03&apos;&#10;System info: host: &apos;LAPTOP-PO4FGII6&apos;, ip: &apos;192.168.29.242&apos;, os.name: &apos;Windows 10&apos;, os.arch: &apos;amd64&apos;, os.version: &apos;10.0&apos;, java.version: &apos;11.0.10&apos;&#10;Driver info: org.openqa.selenium.chrome.ChromeDriver&#10;Capabilities {acceptInsecureCerts: false, browserName: chrome, browserVersion: 88.0.4324.150, chrome: {chromedriverVersion: 87.0.4280.88 (89e2380a3e36c..., userDataDir: C:\Users\ankit\AppData\Loca...}, goog:chromeOptions: {debuggerAddress: localhost:51210}, javascriptEnabled: true, networkConnectionEnabled: false, pageLoadStrategy: normal, platform: WINDOWS, platformName: WINDOWS, proxy: Proxy(), setWindowRect: true, strictFileInteractability: false, timeouts: {implicit: 0, pageLoad: 300000, script: 30000}, unhandledPromptBehavior: dismiss and notify, webauthn:virtualAuthenticators: true}&#10;Session ID: 0e39cd53cb49ace67636f2d26ff3314e" type="org.openqa.selenium.TimeoutException">org.openqa.selenium.TimeoutException: 
timeout: Timed out receiving message from renderer: 20.000
  (Session info: chrome=88.0.4324.150)
Build info: version: '3.141.59', revision: 'e82be7d358', time: '2018-11-14T08:17:03'
System info: host: 'LAPTOP-PO4FGII6', ip: '192.168.29.242', os.name: 'Windows 10', os.arch: 'amd64', os.version: '10.0', java.version: '11.0.10'
Driver info: org.openqa.selenium.chrome.ChromeDriver
Capabilities {acceptInsecureCerts: false, browserName: chrome, browserVersion: 88.0.4324.150, chrome: {chromedriverVersion: 87.0.4280.88 (89e2380a3e36c..., userDataDir: C:\Users\ankit\AppData\Loca...}, goog:chromeOptions: {debuggerAddress: localhost:51210}, javascriptEnabled: true, networkConnectionEnabled: false, pageLoadStrategy: normal, platform: WINDOWS, platformName: WINDOWS, proxy: Proxy(), setWindowRect: true, strictFileInteractability: false, timeouts: {implicit: 0, pageLoad: 300000, script: 30000}, unhandledPromptBehavior: dismiss and notify, webauthn:virtualAuthenticators: true}
Session ID: 0e39cd53cb49ace67636f2d26ff3314e
	at com.amazon.testcases.HomePageTest.setup(HomePageTest.java:35)
</failure>
    <system-err><![CDATA[Starting ChromeDriver 87.0.4280.88 (89e2380a3e36c3464b5dd1302349b1382549290d-refs/branch-heads/4280@{#1761}) on port 42516
Only local connections are allowed.
Please see https://chromedriver.chromium.org/security-considerations for suggestions on keeping ChromeDriver safe.
ChromeDriver was started successfully.
[1613328469.307][WARNING]: This version of ChromeDriver has not been tested with Chrome version 88.
Feb 15, 2021 12:17:51 AM org.openqa.selenium.remote.ProtocolHandshake createSession
INFO: Detected dialect: W3C
[1613328495.840][SEVERE]: Timed out receiving message from renderer: 20.000
[1613328495.841][SEVERE]: Timed out receiving message from renderer: 20.000
]]></system-err>
  </testcase>
  <testcase name="setup" classname="com.amazon.testcases.HomePageTest" time="0">
    <skipped/>
  </testcase>
  <testcase name="electronicsLink" classname="com.amazon.testcases.HomePageTest" time="0">
    <skipped message="timeout: Timed out receiving message from renderer: 20.000&#10;  (Session info: chrome=88.0.4324.150)&#10;Build info: version: &apos;3.141.59&apos;, revision: &apos;e82be7d358&apos;, time: &apos;2018-11-14T08:17:03&apos;&#10;System info: host: &apos;LAPTOP-PO4FGII6&apos;, ip: &apos;192.168.29.242&apos;, os.name: &apos;Windows 10&apos;, os.arch: &apos;amd64&apos;, os.version: &apos;10.0&apos;, java.version: &apos;11.0.10&apos;&#10;Driver info: org.openqa.selenium.chrome.ChromeDriver&#10;Capabilities {acceptInsecureCerts: false, browserName: chrome, browserVersion: 88.0.4324.150, chrome: {chromedriverVersion: 87.0.4280.88 (89e2380a3e36c..., userDataDir: C:\Users\ankit\AppData\Loca...}, goog:chromeOptions: {debuggerAddress: localhost:51210}, javascriptEnabled: true, networkConnectionEnabled: false, pageLoadStrategy: normal, platform: WINDOWS, platformName: WINDOWS, proxy: Proxy(), setWindowRect: true, strictFileInteractability: false, timeouts: {implicit: 0, pageLoad: 300000, script: 30000}, unhandledPromptBehavior: dismiss and notify, webauthn:virtualAuthenticators: true}&#10;Session ID: 0e39cd53cb49ace67636f2d26ff3314e"/>
  </testcase>
  <testcase name="tearDown" classname="com.amazon.testcases.HomePageTest" time="0">
    <skipped/>
  </testcase>
  <testcase name="tearDown" classname="com.amazon.testcases.HomePageTest" time="0">
    <skipped/>
  </testcase>
  <testcase name="labelTest" classname="com.amazon.testcases.HomePageTest" time="0">
    <skipped message="timeout: Timed out receiving message from renderer: 20.000&#10;  (Session info: chrome=88.0.4324.150)&#10;Build info: version: &apos;3.141.59&apos;, revision: &apos;e82be7d358&apos;, time: &apos;2018-11-14T08:17:03&apos;&#10;System info: host: &apos;LAPTOP-PO4FGII6&apos;, ip: &apos;192.168.29.242&apos;, os.name: &apos;Windows 10&apos;, os.arch: &apos;amd64&apos;, os.version: &apos;10.0&apos;, java.version: &apos;11.0.10&apos;&#10;Driver info: org.openqa.selenium.chrome.ChromeDriver&#10;Capabilities {acceptInsecureCerts: false, browserName: chrome, browserVersion: 88.0.4324.150, chrome: {chromedriverVersion: 87.0.4280.88 (89e2380a3e36c..., userDataDir: C:\Users\ankit\AppData\Loca...}, goog:chromeOptions: {debuggerAddress: localhost:51210}, javascriptEnabled: true, networkConnectionEnabled: false, pageLoadStrategy: normal, platform: WINDOWS, platformName: WINDOWS, proxy: Proxy(), setWindowRect: true, strictFileInteractability: false, timeouts: {implicit: 0, pageLoad: 300000, script: 30000}, unhandledPromptBehavior: dismiss and notify, webauthn:virtualAuthenticators: true}&#10;Session ID: 0e39cd53cb49ace67636f2d26ff3314e"/>
  </testcase>
  <testcase name="loginPageTitleTest" classname="com.amazon.testcases.LoginPageTest" time="0.014"/>
  <testcase name="loginTest" classname="com.amazon.testcases.LoginPageTest" time="20.122">
    <failure message="timeout: Timed out receiving message from renderer: 20.000&#10;  (Session info: chrome=88.0.4324.150)&#10;Build info: version: &apos;3.141.59&apos;, revision: &apos;e82be7d358&apos;, time: &apos;2018-11-14T08:17:03&apos;&#10;System info: host: &apos;LAPTOP-PO4FGII6&apos;, ip: &apos;192.168.29.242&apos;, os.name: &apos;Windows 10&apos;, os.arch: &apos;amd64&apos;, os.version: &apos;10.0&apos;, java.version: &apos;11.0.10&apos;&#10;Driver info: org.openqa.selenium.chrome.ChromeDriver&#10;Capabilities {acceptInsecureCerts: false, browserName: chrome, browserVersion: 88.0.4324.150, chrome: {chromedriverVersion: 87.0.4280.88 (89e2380a3e36c..., userDataDir: C:\Users\ankit\AppData\Loca...}, goog:chromeOptions: {debuggerAddress: localhost:51270}, javascriptEnabled: true, networkConnectionEnabled: false, pageLoadStrategy: normal, platform: WINDOWS, platformName: WINDOWS, proxy: Proxy(), setWindowRect: true, strictFileInteractability: false, timeouts: {implicit: 0, pageLoad: 300000, script: 30000}, unhandledPromptBehavior: dismiss and notify, webauthn:virtualAuthenticators: true}&#10;Session ID: dd4088b65e6d70c1af6cb54a264ee5db" type="org.openqa.selenium.TimeoutException">org.openqa.selenium.TimeoutException: 
timeout: Timed out receiving message from renderer: 20.000
  (Session info: chrome=88.0.4324.150)
Build info: version: '3.141.59', revision: 'e82be7d358', time: '2018-11-14T08:17:03'
System info: host: 'LAPTOP-PO4FGII6', ip: '192.168.29.242', os.name: 'Windows 10', os.arch: 'amd64', os.version: '10.0', java.version: '11.0.10'
Driver info: org.openqa.selenium.chrome.ChromeDriver
Capabilities {acceptInsecureCerts: false, browserName: chrome, browserVersion: 88.0.4324.150, chrome: {chromedriverVersion: 87.0.4280.88 (89e2380a3e36c..., userDataDir: C:\Users\ankit\AppData\Loca...}, goog:chromeOptions: {debuggerAddress: localhost:51270}, javascriptEnabled: true, networkConnectionEnabled: false, pageLoadStrategy: normal, platform: WINDOWS, platformName: WINDOWS, proxy: Proxy(), setWindowRect: true, strictFileInteractability: false, timeouts: {implicit: 0, pageLoad: 300000, script: 30000}, unhandledPromptBehavior: dismiss and notify, webauthn:virtualAuthenticators: true}
Session ID: dd4088b65e6d70c1af6cb54a264ee5db
	at com.amazon.testcases.LoginPageTest.loginTest(LoginPageTest.java:47)
</failure>
    <system-err><![CDATA[Starting ChromeDriver 87.0.4280.88 (89e2380a3e36c3464b5dd1302349b1382549290d-refs/branch-heads/4280@{#1761}) on port 48990
Only local connections are allowed.
Please see https://chromedriver.chromium.org/security-considerations for suggestions on keeping ChromeDriver safe.
ChromeDriver was started successfully.
[1613328506.523][WARNING]: This version of ChromeDriver has not been tested with Chrome version 88.
Feb 15, 2021 12:18:28 AM org.openqa.selenium.remote.ProtocolHandshake createSession
INFO: Detected dialect: W3C
[1613328532.510][SEVERE]: Timed out receiving message from renderer: 20.000
[1613328532.512][SEVERE]: Timed out receiving message from renderer: 20.000
]]></system-err>
  </testcase>
  <testcase name="logoTest" classname="com.amazon.testcases.LoginPageTest" time="7.49"/>
  <testcase name="setup" classname="com.amazon.testcases.ProfilePageTest" time="70.172">
    <failure message="java.lang.reflect.InvocationTargetException&#10;Build info: version: &apos;3.141.59&apos;, revision: &apos;e82be7d358&apos;, time: &apos;2018-11-14T08:17:03&apos;&#10;System info: host: &apos;LAPTOP-PO4FGII6&apos;, ip: &apos;192.168.29.242&apos;, os.name: &apos;Windows 10&apos;, os.arch: &apos;amd64&apos;, os.version: &apos;10.0&apos;, java.version: &apos;11.0.10&apos;&#10;Driver info: driver.version: RemoteWebDriver" type="org.openqa.selenium.json.JsonException">org.openqa.selenium.json.JsonException: 
java.lang.reflect.InvocationTargetException
Build info: version: '3.141.59', revision: 'e82be7d358', time: '2018-11-14T08:17:03'
System info: host: 'LAPTOP-PO4FGII6', ip: '192.168.29.242', os.name: 'Windows 10', os.arch: 'amd64', os.version: '10.0', java.version: '11.0.10'
Driver info: driver.version: RemoteWebDriver
	at com.amazon.testcases.ProfilePageTest.setup(ProfilePageTest.java:35)
Caused by: java.lang.reflect.InvocationTargetException
	at com.amazon.testcases.ProfilePageTest.setup(ProfilePageTest.java:35)
Caused by: org.openqa.selenium.NoSuchElementException: 
no such element: Unable to locate element: {"method":"xpath","selector":"//span[contains(text(),'Hello, ankit')]"}
  (Session info: chrome=88.0.4324.150)
For documentation on this error, please visit: https://www.seleniumhq.org/exceptions/no_such_element.html
Build info: version: '3.141.59', revision: 'e82be7d358', time: '2018-11-14T08:17:03'
System info: host: 'LAPTOP-PO4FGII6', ip: '192.168.29.242', os.name: 'Windows 10', os.arch: 'amd64', os.version: '10.0', java.version: '11.0.10'
Driver info: org.openqa.selenium.chrome.ChromeDriver
Capabilities {acceptInsecureCerts: false, browserName: chrome, browserVersion: 88.0.4324.150, chrome: {chromedriverVersion: 87.0.4280.88 (89e2380a3e36c..., userDataDir: C:\Users\ankit\AppData\Loca...}, goog:chromeOptions: {debuggerAddress: localhost:51342}, javascriptEnabled: true, networkConnectionEnabled: false, pageLoadStrategy: normal, platform: WINDOWS, platformName: WINDOWS, proxy: Proxy(), setWindowRect: true, strictFileInteractability: false, timeouts: {implicit: 0, pageLoad: 300000, script: 30000}, unhandledPromptBehavior: dismiss and notify, webauthn:virtualAuthenticators: true}
Session ID: 5a85e23d53b23b3b53dce5614ea25cdf
*** Element info: {Using=xpath, value=//span[contains(text(),'Hello, ankit')]}
	at com.amazon.testcases.ProfilePageTest.setup(ProfilePageTest.java:35)
</failure>
    <system-err><![CDATA[Starting ChromeDriver 87.0.4280.88 (89e2380a3e36c3464b5dd1302349b1382549290d-refs/branch-heads/4280@{#1761}) on port 45761
Only local connections are allowed.
Please see https://chromedriver.chromium.org/security-considerations for suggestions on keeping ChromeDriver safe.
ChromeDriver was started successfully.
[1613328558.456][WARNING]: This version of ChromeDriver has not been tested with Chrome version 88.
Feb 15, 2021 12:19:20 AM org.openqa.selenium.remote.ProtocolHandshake createSession
INFO: Detected dialect: W3C
]]></system-err>
  </testcase>
  <testcase name="editAddressTest" classname="com.amazon.testcases.ProfilePageTest" time="0">
    <skipped message="java.lang.reflect.InvocationTargetException&#10;Build info: version: &apos;3.141.59&apos;, revision: &apos;e82be7d358&apos;, time: &apos;2018-11-14T08:17:03&apos;&#10;System info: host: &apos;LAPTOP-PO4FGII6&apos;, ip: &apos;192.168.29.242&apos;, os.name: &apos;Windows 10&apos;, os.arch: &apos;amd64&apos;, os.version: &apos;10.0&apos;, java.version: &apos;11.0.10&apos;&#10;Driver info: driver.version: RemoteWebDriver"/>
  </testcase>
  <testcase name="tearDown" classname="com.amazon.testcases.ProfilePageTest" time="0">
    <skipped/>
  </testcase>
</testsuite>