<?xml version="1.0" encoding="UTF-8"?>
<testng-results ignored="0" total="3" passed="3" failed="0" skipped="0">
  <reporter-output>
  </reporter-output>
  <suite started-at="2021-02-15T00:11:40 IST" name="Default suite" finished-at="2021-02-15T00:12:09 IST" duration-ms="29145">
    <groups>
    </groups>
    <test started-at="2021-02-15T00:11:40 IST" name="Default test" finished-at="2021-02-15T00:12:09 IST" duration-ms="29145">
      <class name="com.amazon.testcases.LoginPageTest">
        <test-method is-config="true" signature="setup()[pri:0, instance:com.amazon.testcases.LoginPageTest@1ba9117e]" started-at="2021-02-15T00:11:40 IST" name="setup" finished-at="2021-02-15T00:11:49 IST" duration-ms="8829" status="PASS">
          <reporter-output>
          </reporter-output>
        </test-method> <!-- setup -->
        <test-method signature="loginPageTitleTest()[pri:-1, instance:com.amazon.testcases.LoginPageTest@1ba9117e]" started-at="2021-02-15T00:11:49 IST" name="loginPageTitleTest" finished-at="2021-02-15T00:11:49 IST" duration-ms="98" status="PASS">
          <reporter-output>
          </reporter-output>
        </test-method> <!-- loginPageTitleTest -->
        <test-method is-config="true" signature="tearDown()[pri:0, instance:com.amazon.testcases.LoginPageTest@1ba9117e]" started-at="2021-02-15T00:11:49 IST" name="tearDown" finished-at="2021-02-15T00:11:50 IST" duration-ms="731" status="PASS">
          <reporter-output>
          </reporter-output>
        </test-method> <!-- tearDown -->
        <test-method is-config="true" signature="setup()[pri:0, instance:com.amazon.testcases.LoginPageTest@1ba9117e]" started-at="2021-02-15T00:11:50 IST" name="setup" finished-at="2021-02-15T00:11:57 IST" duration-ms="7720" status="PASS">
          <reporter-output>
          </reporter-output>
        </test-method> <!-- setup -->
        <test-method signature="loginTest()[pri:0, instance:com.amazon.testcases.LoginPageTest@1ba9117e]" started-at="2021-02-15T00:11:57 IST" name="loginTest" finished-at="2021-02-15T00:12:00 IST" duration-ms="2815" status="PASS">
          <reporter-output>
          </reporter-output>
        </test-method> <!-- loginTest -->
        <test-method is-config="true" signature="tearDown()[pri:0, instance:com.amazon.testcases.LoginPageTest@1ba9117e]" started-at="2021-02-15T00:12:00 IST" name="tearDown" finished-at="2021-02-15T00:12:01 IST" duration-ms="687" status="PASS">
          <reporter-output>
          </reporter-output>
        </test-method> <!-- tearDown -->
        <test-method is-config="true" signature="setup()[pri:0, instance:com.amazon.testcases.LoginPageTest@1ba9117e]" started-at="2021-02-15T00:12:01 IST" name="setup" finished-at="2021-02-15T00:12:08 IST" duration-ms="7385" status="PASS">
          <reporter-output>
          </reporter-output>
        </test-method> <!-- setup -->
        <test-method signature="logoTest()[pri:1, instance:com.amazon.testcases.LoginPageTest@1ba9117e]" started-at="2021-02-15T00:12:08 IST" name="logoTest" finished-at="2021-02-15T00:12:08 IST" duration-ms="120" status="PASS">
          <reporter-output>
          </reporter-output>
        </test-method> <!-- logoTest -->
        <test-method is-config="true" signature="tearDown()[pri:0, instance:com.amazon.testcases.LoginPageTest@1ba9117e]" started-at="2021-02-15T00:12:08 IST" name="tearDown" finished-at="2021-02-15T00:12:09 IST" duration-ms="707" status="PASS">
          <reporter-output>
          </reporter-output>
        </test-method> <!-- tearDown -->
      </class> <!-- com.amazon.testcases.LoginPageTest -->
    </test> <!-- Default test -->
  </suite> <!-- Default suite -->
</testng-results>
