<?xml version="1.0" encoding="UTF-8"?>
<!-- Generated by org.testng.reporters.JUnitXMLReporter -->
<testsuite ignored="0" hostname="LAPTOP-PO4FGII6" failures="0" tests="7" name="Amazon App Test Cases" time="98.77" errors="0" timestamp="2021-02-15T00:03:57 IST">
  <testcase classname="com.amazon.testcases.LoginPageTest" name="loginPageTitleTest" time="0.144"/>
  <testcase classname="com.amazon.testcases.LoginPageTest" name="loginTest" time="2.154"/>
  <testcase classname="com.amazon.testcases.LoginPageTest" name="logoTest" time="0.072"/>
  <testcase classname="com.amazon.testcases.HomePageTest" name="cartLinkCheck" time="6.325"/>
  <testcase classname="com.amazon.testcases.HomePageTest" name="dealsPageTest" time="5.094"/>
  <testcase classname="com.amazon.testcases.HomePageTest" name="electronicsLink" time="4.818"/>
  <testcase classname="com.amazon.testcases.HomePageTest" name="labelTest" time="4.636"/>
</testsuite> <!-- Amazon App Test Cases -->
